<?xml version="1.0" encoding="UTF-8"?>
<testng-results skipped="0" failed="1" ignored="0" total="1" passed="0">
  <reporter-output>
    <line>
      <![CDATA[openBrowser]]>
    </line>
    <line>
      <![CDATA[login]]>
    </line>
    <line>
      <![CDATA[createCustomer]]>
    </line>
    <line>
      <![CDATA[logout]]>
    </line>
    <line>
      <![CDATA[closeBrowser]]>
    </line>
  </reporter-output>
  <suite name="Default suite" duration-ms="94320" started-at="2022-10-13T22:16:41 IST" finished-at="2022-10-13T22:18:15 IST">
    <groups>
    </groups>
    <test name="Default test" duration-ms="94320" started-at="2022-10-13T22:16:41 IST" finished-at="2022-10-13T22:18:15 IST">
      <class name="com.actitime.testscript.CustomerModule">
        <test-method status="PASS" signature="openBrowser()[pri:0, instance:com.actitime.testscript.CustomerModule@7b69c6ba]" name="openBrowser" is-config="true" duration-ms="12064" started-at="2022-10-13T22:16:41 IST" finished-at="2022-10-13T22:16:53 IST">
          <reporter-output>
            <line>
              <![CDATA[openBrowser]]>
            </line>
          </reporter-output>
        </test-method> <!-- openBrowser -->
        <test-method status="PASS" signature="login()[pri:0, instance:com.actitime.testscript.CustomerModule@7b69c6ba]" name="login" is-config="true" duration-ms="13044" started-at="2022-10-13T22:16:53 IST" finished-at="2022-10-13T22:17:06 IST">
          <reporter-output>
            <line>
              <![CDATA[login]]>
            </line>
          </reporter-output>
        </test-method> <!-- login -->
        <test-method status="FAIL" signature="createCustomer()[pri:0, instance:com.actitime.testscript.CustomerModule@7b69c6ba]" name="createCustomer" duration-ms="63961" started-at="2022-10-13T22:17:06 IST" finished-at="2022-10-13T22:18:10 IST">
          <exception class="org.openqa.selenium.NoSuchElementException">
            <message>
              <![CDATA[no such element: Unable to locate element: {"method":"xpath","selector":"//div[text()='Add New']"}
  (Session info: chrome=106.0.5249.103)
For documentation on this error, please visit: https://www.seleniumhq.org/exceptions/no_such_element.html
Build info: version: '3.141.59', revision: 'e82be7d358', time: '2018-11-14T08:25:53'
System info: host: 'DESKTOP-SJE3CV2', ip: '192.168.86.1', os.name: 'Windows 10', os.arch: 'amd64', os.version: '10.0', java.version: '1.8.0_201'
Driver info: org.openqa.selenium.chrome.ChromeDriver
Capabilities {acceptInsecureCerts: false, browserName: chrome, browserVersion: 106.0.5249.103, chrome: {chromedriverVersion: 105.0.5195.52 (412c95e51883..., userDataDir: C:\Users\LENOVO\AppData\Loc...}, goog:chromeOptions: {debuggerAddress: localhost:49784}, javascriptEnabled: true, networkConnectionEnabled: false, pageLoadStrategy: normal, platform: WINDOWS, platformName: WINDOWS, proxy: Proxy(), setWindowRect: true, strictFileInteractability: false, timeouts: {implicit: 0, pageLoad: 300000, script: 30000}, unhandledPromptBehavior: dismiss and notify, webauthn:extension:credBlob: true, webauthn:extension:largeBlob: true, webauthn:virtualAuthenticators: true}
Session ID: 5df2c5dcdce4f73dc8a6345160beb93e
*** Element info: {Using=xpath, value=//div[text()='Add New']}]]>
            </message>
            <full-stacktrace>
              <![CDATA[org.openqa.selenium.NoSuchElementException: no such element: Unable to locate element: {"method":"xpath","selector":"//div[text()='Add New']"}
  (Session info: chrome=106.0.5249.103)
For documentation on this error, please visit: https://www.seleniumhq.org/exceptions/no_such_element.html
Build info: version: '3.141.59', revision: 'e82be7d358', time: '2018-11-14T08:25:53'
System info: host: 'DESKTOP-SJE3CV2', ip: '192.168.86.1', os.name: 'Windows 10', os.arch: 'amd64', os.version: '10.0', java.version: '1.8.0_201'
Driver info: org.openqa.selenium.chrome.ChromeDriver
Capabilities {acceptInsecureCerts: false, browserName: chrome, browserVersion: 106.0.5249.103, chrome: {chromedriverVersion: 105.0.5195.52 (412c95e51883..., userDataDir: C:\Users\LENOVO\AppData\Loc...}, goog:chromeOptions: {debuggerAddress: localhost:49784}, javascriptEnabled: true, networkConnectionEnabled: false, pageLoadStrategy: normal, platform: WINDOWS, platformName: WINDOWS, proxy: Proxy(), setWindowRect: true, strictFileInteractability: false, timeouts: {implicit: 0, pageLoad: 300000, script: 30000}, unhandledPromptBehavior: dismiss and notify, webauthn:extension:credBlob: true, webauthn:extension:largeBlob: true, webauthn:virtualAuthenticators: true}
Session ID: 5df2c5dcdce4f73dc8a6345160beb93e
*** Element info: {Using=xpath, value=//div[text()='Add New']}
at sun.reflect.NativeConstructorAccessorImpl.newInstance0(Native Method)
at sun.reflect.NativeConstructorAccessorImpl.newInstance(Unknown Source)
at sun.reflect.DelegatingConstructorAccessorImpl.newInstance(Unknown Source)
at java.lang.reflect.Constructor.newInstance(Unknown Source)
at org.openqa.selenium.remote.http.W3CHttpResponseCodec.createException(W3CHttpResponseCodec.java:187)
at org.openqa.selenium.remote.http.W3CHttpResponseCodec.decode(W3CHttpResponseCodec.java:122)
at org.openqa.selenium.remote.http.W3CHttpResponseCodec.decode(W3CHttpResponseCodec.java:49)
at org.openqa.selenium.remote.HttpCommandExecutor.execute(HttpCommandExecutor.java:158)
at org.openqa.selenium.remote.service.DriverCommandExecutor.execute(DriverCommandExecutor.java:83)
at org.openqa.selenium.remote.RemoteWebDriver.execute(RemoteWebDriver.java:552)
at org.openqa.selenium.remote.RemoteWebDriver.findElement(RemoteWebDriver.java:323)
at org.openqa.selenium.remote.RemoteWebDriver.findElementByXPath(RemoteWebDriver.java:428)
at org.openqa.selenium.By$ByXPath.findElement(By.java:353)
at org.openqa.selenium.remote.RemoteWebDriver.findElement(RemoteWebDriver.java:315)
at org.openqa.selenium.support.pagefactory.DefaultElementLocator.findElement(DefaultElementLocator.java:69)
at org.openqa.selenium.support.pagefactory.internal.LocatingElementHandler.invoke(LocatingElementHandler.java:38)
at com.sun.proxy.$Proxy12.click(Unknown Source)
at com.actitime.testscript.CustomerModule.createCustomer(CustomerModule.java:35)
at sun.reflect.NativeMethodAccessorImpl.invoke0(Native Method)
at sun.reflect.NativeMethodAccessorImpl.invoke(Unknown Source)
at sun.reflect.DelegatingMethodAccessorImpl.invoke(Unknown Source)
at java.lang.reflect.Method.invoke(Unknown Source)
at org.testng.internal.MethodInvocationHelper.invokeMethod(MethodInvocationHelper.java:133)
at org.testng.internal.TestInvoker.invokeMethod(TestInvoker.java:598)
at org.testng.internal.TestInvoker.invokeTestMethod(TestInvoker.java:173)
at org.testng.internal.MethodRunner.runInSequence(MethodRunner.java:46)
at org.testng.internal.TestInvoker$MethodInvocationAgent.invoke(TestInvoker.java:824)
at org.testng.internal.TestInvoker.invokeTestMethods(TestInvoker.java:146)
at org.testng.internal.TestMethodWorker.invokeTestMethods(TestMethodWorker.java:146)
at org.testng.internal.TestMethodWorker.run(TestMethodWorker.java:128)
at java.util.ArrayList.forEach(Unknown Source)
at org.testng.TestRunner.privateRun(TestRunner.java:794)
at org.testng.TestRunner.run(TestRunner.java:596)
at org.testng.SuiteRunner.runTest(SuiteRunner.java:377)
at org.testng.SuiteRunner.runSequentially(SuiteRunner.java:371)
at org.testng.SuiteRunner.privateRun(SuiteRunner.java:332)
at org.testng.SuiteRunner.run(SuiteRunner.java:276)
at org.testng.SuiteRunnerWorker.runSuite(SuiteRunnerWorker.java:53)
at org.testng.SuiteRunnerWorker.run(SuiteRunnerWorker.java:96)
at org.testng.TestNG.runSuitesSequentially(TestNG.java:1212)
at org.testng.TestNG.runSuitesLocally(TestNG.java:1134)
at org.testng.TestNG.runSuites(TestNG.java:1063)
at org.testng.TestNG.run(TestNG.java:1031)
at org.testng.remote.AbstractRemoteTestNG.run(AbstractRemoteTestNG.java:115)
at org.testng.remote.RemoteTestNG.initAndRun(RemoteTestNG.java:251)
at org.testng.remote.RemoteTestNG.main(RemoteTestNG.java:77)
]]>
            </full-stacktrace>
          </exception> <!-- org.openqa.selenium.NoSuchElementException -->
          <reporter-output>
            <line>
              <![CDATA[createCustomer]]>
            </line>
          </reporter-output>
        </test-method> <!-- createCustomer -->
        <test-method status="PASS" signature="logout()[pri:0, instance:com.actitime.testscript.CustomerModule@7b69c6ba]" name="logout" is-config="true" duration-ms="2" started-at="2022-10-13T22:18:12 IST" finished-at="2022-10-13T22:18:12 IST">
          <reporter-output>
            <line>
              <![CDATA[logout]]>
            </line>
          </reporter-output>
        </test-method> <!-- logout -->
        <test-method status="PASS" signature="closeBrowser()[pri:0, instance:com.actitime.testscript.CustomerModule@7b69c6ba]" name="closeBrowser" is-config="true" duration-ms="3230" started-at="2022-10-13T22:18:12 IST" finished-at="2022-10-13T22:18:15 IST">
          <reporter-output>
            <line>
              <![CDATA[closeBrowser]]>
            </line>
          </reporter-output>
        </test-method> <!-- closeBrowser -->
      </class> <!-- com.actitime.testscript.CustomerModule -->
    </test> <!-- Default test -->
  </suite> <!-- Default suite -->
</testng-results>
